<?xml version="1.0" encoding="UTF-8"?>
<!-- Generated by org.testng.reporters.JUnitXMLReporter -->
<testsuite hostname="DESKTOP-FGN9CRI" ignored="2" name="Test" tests="2" failures="1" timestamp="2022-03-17T10:55:33 IST" time="61.425" errors="0">
  <testcase name="createOrgwithIndustryTypeTest" time="21.289" classname="com.crm.OrganizationTests.CreateOrgwithIndustryTypeTest"/>
  <testcase name="createOrgTest" time="7.118" classname="com.crm.OrganizationTests.CreateOrgTest">
    <failure type="java.lang.AssertionError" message="null">
      <![CDATA[java.lang.AssertionError: null
at com.crm.OrganizationTests.CreateOrgTest.createOrgTest(CreateOrgTest.java:50)
at java.util.ArrayList.forEach(Unknown Source)
... Removed 29 stack frames]]>
    </failure>
  </testcase> <!-- createOrgTest -->
  <testcase name="@AfterSuite closeDB" time="0.0" classname="com.crm.GenericLibrary.BaseClass">
    <ignored/>
  </testcase> <!-- @AfterSuite closeDB -->
  <testcase name="@BeforeSuite connectDataBase" time="0.0" classname="com.crm.GenericLibrary.BaseClass">
    <ignored/>
  </testcase> <!-- @BeforeSuite connectDataBase -->
</testsuite> <!-- Test -->
